{"error":{"clientVersion":"6.2.1","code":"P2023","meta":{"message":"Malformed ObjectID: provided hex string representation must be exactly 12 bytes, instead got: \"2\", length 1.","modelName":"Item"},"name":"PrismaClientKnownRequestError"},"level":"error","message":"Request failed:","method":"GET","timestamp":"2025-02-04T16:05:44.141Z","url":"/items/2"}
{"error":{"clientVersion":"6.2.1","name":"PrismaClientValidationError"},"level":"error","message":"Request failed:","method":"PUT","timestamp":"2025-02-04T16:31:55.816Z","url":"/items/67a22ffdb8cfbc1f8dbe51f4"}
{"error":{"clientVersion":"6.2.1","name":"PrismaClientValidationError"},"level":"error","message":"Request failed:","method":"PUT","timestamp":"2025-02-04T16:38:49.773Z","url":"/items/67a22ffdb8cfbc1f8dbe51f4"}
{"error":{"clientVersion":"6.2.1","code":"P2025","meta":{"cause":"Record to update not found.","modelName":"Item"},"name":"PrismaClientKnownRequestError"},"level":"error","message":"Request failed:","method":"PUT","timestamp":"2025-02-04T16:40:28.705Z","url":"/items/67a22ffdb8cfbc1f8dbe51f4"}
{"error":{"clientVersion":"6.2.1","code":"P2014","meta":{"modelName":"Item","model_a_name":"StockLog","model_b_name":"Item","relation_name":"ItemToStockLog"},"name":"PrismaClientKnownRequestError"},"level":"error","message":"Request failed:","method":"DELETE","timestamp":"2025-02-04T16:43:15.998Z","url":"/items/67a242869bc4126a55a3f5a3"}
{"error":{"clientVersion":"6.2.1","name":"PrismaClientValidationError"},"level":"error","message":"Request failed:","method":"GET","timestamp":"2025-02-04T17:06:03.460Z","url":"/items/"}
{"error":{"clientVersion":"6.2.1","name":"PrismaClientValidationError"},"level":"error","message":"Request failed:","method":"POST","timestamp":"2025-02-05T12:23:17.852Z","url":"/stock-request"}
{"error":{"clientVersion":"6.2.1","name":"PrismaClientValidationError"},"level":"error","message":"Request failed:","method":"POST","timestamp":"2025-02-05T12:23:50.164Z","url":"/stock-request"}
{"error":{},"level":"error","message":"Request failed:","method":"PUT","timestamp":"2025-02-05T12:28:06.528Z","url":"/stock-request/67a34dcd65a07481864db593/issue"}
{"error":{},"level":"error","message":"Request failed:","method":"PUT","timestamp":"2025-02-05T12:30:06.982Z","url":"/stock-request/67a34dcd65a07481864db593/issue"}
{"error":{"clientVersion":"6.2.1","code":"P2032","meta":{"expected_type":"DateTime","field":"createdAt","found":"null","modelName":"Item"},"name":"PrismaClientKnownRequestError"},"level":"error","message":"Request failed:","method":"GET","timestamp":"2025-02-05T12:32:24.076Z","url":"/items/67a34dcc65a07481864db586"}
{"error":{"clientVersion":"6.2.1","code":"P2032","meta":{"expected_type":"DateTime","field":"createdAt","found":"null","modelName":"Item"},"name":"PrismaClientKnownRequestError"},"level":"error","message":"Request failed:","method":"GET","timestamp":"2025-02-05T12:32:44.022Z","url":"/items/67a34dcc65a07481864db586"}
{"error":{"clientVersion":"6.2.1","code":"P2032","meta":{"expected_type":"DateTime","field":"updatedAt","found":"null","modelName":"Item"},"name":"PrismaClientKnownRequestError"},"level":"error","message":"Request failed:","method":"GET","timestamp":"2025-02-05T12:35:06.466Z","url":"/items/67a34dcc65a07481864db586"}
{"error":{"clientVersion":"6.2.1","code":"P2025","meta":{"cause":"Record to update not found.","modelName":"Plate"},"name":"PrismaClientKnownRequestError"},"level":"error","message":"Request failed:","method":"PUT","timestamp":"2025-02-05T14:23:21.721Z","url":"/plates/67a35b41ed94e26c803e706f"}
{"error":{"clientVersion":"6.2.1","code":"P2023","meta":{"message":"Malformed ObjectID: provided hex string representation must be exactly 12 bytes, instead got: \"PLATE_ID_HERE\", length 13.","modelName":"Ingredient"},"name":"PrismaClientKnownRequestError"},"level":"error","message":"Request failed:","method":"POST","timestamp":"2025-02-05T15:11:37.504Z","url":"/orders"}
{"error":{},"level":"error","message":"Request failed:","method":"POST","timestamp":"2025-02-05T15:12:51.837Z","url":"/orders"}
{"error":{"clientVersion":"6.1.0","code":"P2023","meta":{"message":"Malformed ObjectID: provided hex string representation must be exactly 12 bytes, instead got: \"low-stock\", length 9.","modelName":"Item"},"name":"PrismaClientKnownRequestError"},"level":"error","message":"Request failed:","method":"GET","timestamp":"2025-05-31T19:17:59.781Z","url":"/items/low-stock"}
{"error":{"clientVersion":"6.1.0","code":"P2023","meta":{"message":"Malformed ObjectID: provided hex string representation must be exactly 12 bytes, instead got: \"low-stock\", length 9.","modelName":"Item"},"name":"PrismaClientKnownRequestError"},"level":"error","message":"Request failed:","method":"GET","timestamp":"2025-05-31T19:18:01.260Z","url":"/items/low-stock"}
{"error":{"clientVersion":"6.1.0","code":"P2023","meta":{"message":"Malformed ObjectID: provided hex string representation must be exactly 12 bytes, instead got: \"low-stock\", length 9.","modelName":"Item"},"name":"PrismaClientKnownRequestError"},"level":"error","message":"Request failed:","method":"GET","timestamp":"2025-05-31T19:18:03.292Z","url":"/items/low-stock"}
{"error":{"clientVersion":"6.1.0","code":"P2023","meta":{"message":"Malformed ObjectID: provided hex string representation must be exactly 12 bytes, instead got: \"low-stock\", length 9.","modelName":"Item"},"name":"PrismaClientKnownRequestError"},"level":"error","message":"Request failed:","method":"GET","timestamp":"2025-05-31T19:18:07.325Z","url":"/items/low-stock"}
{"error":{"clientVersion":"6.1.0","code":"P2023","meta":{"message":"Malformed ObjectID: provided hex string representation must be exactly 12 bytes, instead got: \"low-stock\", length 9.","modelName":"Item"},"name":"PrismaClientKnownRequestError"},"level":"error","message":"Request failed:","method":"GET","timestamp":"2025-05-31T19:18:25.959Z","url":"/items/low-stock"}
{"error":{"clientVersion":"6.1.0","code":"P2023","meta":{"message":"Malformed ObjectID: provided hex string representation must be exactly 12 bytes, instead got: \"low-stock\", length 9.","modelName":"Item"},"name":"PrismaClientKnownRequestError"},"level":"error","message":"Request failed:","method":"GET","timestamp":"2025-05-31T19:18:27.411Z","url":"/items/low-stock"}
{"error":{"clientVersion":"6.1.0","code":"P2023","meta":{"message":"Malformed ObjectID: provided hex string representation must be exactly 12 bytes, instead got: \"low-stock\", length 9.","modelName":"Item"},"name":"PrismaClientKnownRequestError"},"level":"error","message":"Request failed:","method":"GET","timestamp":"2025-05-31T19:18:29.437Z","url":"/items/low-stock"}
{"error":{"clientVersion":"6.1.0","code":"P2023","meta":{"message":"Malformed ObjectID: provided hex string representation must be exactly 12 bytes, instead got: \"low-stock\", length 9.","modelName":"Item"},"name":"PrismaClientKnownRequestError"},"level":"error","message":"Request failed:","method":"GET","timestamp":"2025-05-31T19:18:33.468Z","url":"/items/low-stock"}
{"error":{"clientVersion":"6.1.0","code":"P2023","meta":{"message":"Malformed ObjectID: provided hex string representation must be exactly 12 bytes, instead got: \"low-stock\", length 9.","modelName":"Item"},"name":"PrismaClientKnownRequestError"},"level":"error","message":"Request failed:","method":"GET","timestamp":"2025-05-31T19:18:49.039Z","url":"/items/low-stock"}
{"error":{"clientVersion":"6.1.0","name":"PrismaClientValidationError"},"level":"error","message":"Request failed:","method":"GET","timestamp":"2025-06-04T12:06:21.758Z","url":"/stock-request"}
{"error":{"clientVersion":"6.1.0","name":"PrismaClientValidationError"},"level":"error","message":"Request failed:","method":"GET","timestamp":"2025-06-04T12:07:19.747Z","url":"/stock-request"}
{"error":{"clientVersion":"6.1.0","name":"PrismaClientValidationError"},"level":"error","message":"Request failed:","method":"GET","timestamp":"2025-06-15T17:50:31.788Z","url":"/stock-request"}
{"error":{"clientVersion":"6.1.0","name":"PrismaClientValidationError"},"level":"error","message":"Request failed:","method":"GET","timestamp":"2025-06-15T17:51:02.528Z","url":"/stock-request"}
