::1 - - [08/Dec/2024:11:07:56 +0000] "GET / HTTP/1.1" 200 13
::1 - - [08/Dec/2024:11:11:52 +0000] "GET /7 HTTP/1.1" 404 1095
fe80::7377:1503:f2aa:42cd%wlan0 - - [03/Jan/2025:07:58:21 +0000] "GET / HTTP/1.1" 200 13
fe80::7377:1503:f2aa:42cd%wlan0 - - [03/Jan/2025:07:58:25 +0000] "GET /test HTTP/1.1" 200 21
fe80::7377:1503:f2aa:42cd%wlan0 - - [03/Jan/2025:08:02:09 +0000] "GET /test HTTP/1.1" 200 2
fe80::fa13:4801:fb8a:bc0c%enp1s0 - - [20/Jan/2025:18:33:45 +0000] "GET /test HTTP/1.1" 200 26
fe80::fa13:4801:fb8a:bc0c%enp1s0 - - [20/Jan/2025:20:03:05 +0000] "GET /test HTTP/1.1" 200 26
::1 - - [04/Feb/2025:16:04:57 +0000] "POST /items HTTP/1.1" 400 216
::1 - - [04/Feb/2025:16:05:28 +0000] "GET /items HTTP/1.1" 200 9201
::1 - - [04/Feb/2025:16:05:44 +0000] "GET /items/2 HTTP/1.1" 500 1005
::1 - - [04/Feb/2025:16:07:37 +0000] "GET /items/ HTTP/1.1" 200 9201
::1 - - [04/Feb/2025:16:07:52 +0000] "GET /items/ HTTP/1.1" 200 9201
::1 - - [04/Feb/2025:16:08:23 +0000] "GET /items/67a22ffdb8cfbc1f8dbe51f4 HTTP/1.1" 200 204
::1 - - [04/Feb/2025:16:08:28 +0000] "GET /items/67a22ffdb8cfbc1f8dbe51f4 HTTP/1.1" 200 204
::1 - - [04/Feb/2025:16:08:59 +0000] "POST /items HTTP/1.1" 400 216
::1 - - [04/Feb/2025:16:28:26 +0000] "PUT /items/67a22ffdb8c1f8dbe51f4 HTTP/1.1" 400 152
::1 - - [04/Feb/2025:16:28:57 +0000] "PUT /items/67a22ffdb8cfbc1f8dbe51f4 HTTP/1.1" 400 228
::1 - - [04/Feb/2025:16:29:24 +0000] "GET /items/67a22ffdb8cfbc1f8dbe51f4 HTTP/1.1" 200 204
::1 - - [04/Feb/2025:16:30:01 +0000] "PUT /items/67a22ffdb8cfbc1f8dbe51f4 HTTP/1.1" 400 228
::1 - - [04/Feb/2025:16:31:15 +0000] "PUT /items/67a22ffdb8cfbc1f8dbe51f4 HTTP/1.1" 400 76
::1 - - [04/Feb/2025:16:31:25 +0000] "PUT /items/67a22ffdb8cfbc1f8dbe51f4 HTTP/1.1" 400 76
::1 - - [04/Feb/2025:16:31:35 +0000] "PUT /items/67a22ffdb8cfbc1f8dbe51f4 HTTP/1.1" 400 76
::1 - - [04/Feb/2025:16:31:55 +0000] "PUT /items/67a22ffdb8cfbc1f8dbe51f4 HTTP/1.1" 500 1681
::1 - - [04/Feb/2025:16:38:49 +0000] "PUT /items/67a22ffdb8cfbc1f8dbe51f4 HTTP/1.1" 500 1681
::1 - - [04/Feb/2025:16:39:36 +0000] "PUT /items/67a22ffdb8cfbc1f8dbe51f4 HTTP/1.1" 400 158
::1 - - [04/Feb/2025:16:40:14 +0000] "PUT /items/67a22ffdb8cfbc1f8dbe51f4 HTTP/1.1" 400 149
::1 - - [04/Feb/2025:16:40:28 +0000] "PUT /items/67a22ffdb8cfbc1f8dbe51f4 HTTP/1.1" 500 999
::1 - - [04/Feb/2025:16:40:48 +0000] "POST /items HTTP/1.1" 400 207
::1 - - [04/Feb/2025:16:41:01 +0000] "GET /items/ HTTP/1.1" 200 9161
::1 - - [04/Feb/2025:16:41:28 +0000] "PUT /items/67a242869bc4126a55a3f5a3 HTTP/1.1" 200 197
::1 - - [04/Feb/2025:16:43:16 +0000] "DELETE /items/67a242869bc4126a55a3f5a3 HTTP/1.1" 500 982
::1 - - [04/Feb/2025:17:06:03 +0000] "GET /items/ HTTP/1.1" 500 1749
::1 - - [04/Feb/2025:17:06:37 +0000] "GET /items/ HTTP/1.1" 200 26
::1 - - [04/Feb/2025:17:08:26 +0000] "GET /items/ HTTP/1.1" 200 10123
::1 - - [04/Feb/2025:17:10:26 +0000] "DELETE /items/67a2492e0c63e2ee01323e26 HTTP/1.1" 200 228
::1 - - [04/Feb/2025:17:10:34 +0000] "GET /items/ HTTP/1.1" 200 9917
::1 - - [04/Feb/2025:17:11:01 +0000] "GET /items?showDeleted=true HTTP/1.1" 200 10122
::1 - - [04/Feb/2025:20:04:45 +0000] "GET /items/ HTTP/1.1" 200 9917
::1 - - [04/Feb/2025:20:06:32 +0000] "PUT /items/67a2492e0c63e2ee01323e27 HTTP/1.1" 200 212
::1 - - [04/Feb/2025:20:07:55 +0000] "GET /stock-logs/67a2492e0c63e2ee01323e27 HTTP/1.1" 404 1294
::1 - - [04/Feb/2025:20:19:32 +0000] "PUT /items/67a2492e0c63e2ee01323e27 HTTP/1.1" 200 212
::1 - - [04/Feb/2025:20:33:18 +0000] "GET /stock-log/ HTTP/1.1" 200 13663
::1 - - [04/Feb/2025:20:33:22 +0000] "GET /stock-log/item/67a2492e0c63e2ee01323e27 HTTP/1.1" 200 718
::1 - - [04/Feb/2025:20:34:55 +0000] "GET /stock-log/item/67a2492e0c63e2ee01323e27 HTTP/1.1" 200 718
::1 - - [04/Feb/2025:20:39:21 +0000] "PUT /items/67a2492e0c63e2ee01323e27 HTTP/1.1" 400 91
::1 - - [04/Feb/2025:20:39:44 +0000] "PUT /items/67a2492e0c63e2ee01323e27 HTTP/1.1" 200 213
::1 - - [04/Feb/2025:20:39:50 +0000] "GET /stock-logs/67a2492e0c63e2ee01323e27 HTTP/1.1" 404 1294
::1 - - [04/Feb/2025:20:39:58 +0000] "GET /stock-log/67a2492e0c63e2ee01323e27 HTTP/1.1" 200 28
::1 - - [04/Feb/2025:20:40:10 +0000] "GET /stock-log/item/67a2492e0c63e2ee01323e27 HTTP/1.1" 200 855
::1 - - [05/Feb/2025:12:21:21 +0000] "GET /stock-request HTTP/1.1" 200 1634
::1 - - [05/Feb/2025:12:23:04 +0000] "POST /api/stock-requests HTTP/1.1" 404 1260
::1 - - [05/Feb/2025:12:23:17 +0000] "POST /stock-request HTTP/1.1" 500 1643
::1 - - [05/Feb/2025:12:23:50 +0000] "POST /stock-request HTTP/1.1" 500 1643
::1 - - [05/Feb/2025:12:25:32 +0000] "POST /stock-request HTTP/1.1" 200 174
::1 - - [05/Feb/2025:12:26:22 +0000] "PUT /api/stock-requests/67a34dcd65a07481864db593/approve HTTP/1.1" 404 1326
::1 - - [05/Feb/2025:12:26:34 +0000] "PUT /stock-request/67a34dcd65a07481864db593/approve HTTP/1.1" 200 187
::1 - - [05/Feb/2025:12:27:18 +0000] "PUT /stock-request/67a34dcd65a07481864db593/reject HTTP/1.1" 200 187
::1 - - [05/Feb/2025:12:28:06 +0000] "PUT /stock-request/67a34dcd65a07481864db593/issue HTTP/1.1" 500 414
::1 - - [05/Feb/2025:12:29:07 +0000] "GET /item/67a34dcc65a07481864db586 HTTP/1.1" 404 1282
::1 - - [05/Feb/2025:12:29:20 +0000] "GET /items/67a34dcc65a07481864db586 HTTP/1.1" 200 28
::1 - - [05/Feb/2025:12:29:37 +0000] "GET /items/ HTTP/1.1" 200 10781
::1 - - [05/Feb/2025:12:29:51 +0000] "GET /items/ HTTP/1.1" 200 10781
::1 - - [05/Feb/2025:12:29:55 +0000] "GET /items/ HTTP/1.1" 200 10781
::1 - - [05/Feb/2025:12:30:06 +0000] "PUT /stock-request/67a34dcd65a07481864db593/issue HTTP/1.1" 500 414
::1 - - [05/Feb/2025:12:30:13 +0000] "GET /items/67a34dcc65a07481864db586 HTTP/1.1" 200 28
::1 - - [05/Feb/2025:12:32:24 +0000] "GET /items/67a34dcc65a07481864db586 HTTP/1.1" 500 987
::1 - - [05/Feb/2025:12:32:44 +0000] "GET /items/67a34dcc65a07481864db586 HTTP/1.1" 500 987
::1 - - [05/Feb/2025:12:35:06 +0000] "GET /items/67a34dcc65a07481864db586 HTTP/1.1" 500 987
::1 - - [05/Feb/2025:12:36:08 +0000] "GET /items/67a34dcc65a07481864db586 HTTP/1.1" 200 218
::1 - - [05/Feb/2025:12:36:17 +0000] "PUT /stock-request/67a34dcd65a07481864db593/issue HTTP/1.1" 200 40
::1 - - [05/Feb/2025:12:37:07 +0000] "GET /items/67a34dcc65a07481864db586 HTTP/1.1" 200 217
::1 - - [05/Feb/2025:12:39:33 +0000] "GET /stock-log HTTP/1.1" 200 18783
::1 - - [05/Feb/2025:12:40:46 +0000] "GET /stock-log/item/67a34dcc65a07481864db586 HTTP/1.1" 200 230
::1 - - [05/Feb/2025:14:22:06 +0000] "GET /plates HTTP/1.1" 200 3140
::1 - - [05/Feb/2025:14:22:27 +0000] "POST /plates HTTP/1.1" 200 165
::1 - - [05/Feb/2025:14:22:48 +0000] "GET /plates/67a37423b676af6b28b61d60 HTTP/1.1" 200 165
::1 - - [05/Feb/2025:14:23:21 +0000] "PUT /plates/67a35b41ed94e26c803e706f HTTP/1.1" 500 999
::1 - - [05/Feb/2025:14:24:28 +0000] "PUT /plates/67a37423b676af6b28b61d60 HTTP/1.1" 200 172
::1 - - [05/Feb/2025:14:35:47 +0000] "GET /plates HTTP/1.1" 200 3289
::1 - - [05/Feb/2025:14:36:35 +0000] "GET /ingredient HTTP/1.1" 404 1244
::1 - - [05/Feb/2025:14:36:50 +0000] "GET /ingredients HTTP/1.1" 404 1227
::1 - - [05/Feb/2025:14:37:07 +0000] "GET /ingredients HTTP/1.1" 404 1227
::1 - - [05/Feb/2025:14:37:23 +0000] "GET /ingredients HTTP/1.1" 404 1227
::1 - - [05/Feb/2025:14:38:32 +0000] "GET /ingredients/67a34dcc65a07481864db49f HTTP/1.1" 404 1277
::1 - - [05/Feb/2025:14:39:13 +0000] "GET /ingredients/plate/67a34dcc65a07481864db47d HTTP/1.1" 200 2135
::1 - - [05/Feb/2025:15:11:06 +0000] "GET /orders HTTP/1.1" 200 9025
::1 - - [05/Feb/2025:15:11:37 +0000] "POST /orders HTTP/1.1" 500 1076
::1 - - [05/Feb/2025:15:12:13 +0000] "GET /plates HTTP/1.1" 200 3289
::1 - - [05/Feb/2025:15:12:51 +0000] "POST /orders HTTP/1.1" 500 378
::1 - - [05/Feb/2025:15:13:46 +0000] "POST /orders HTTP/1.1" 200 203
::1 - - [05/Feb/2025:15:14:05 +0000] "GET /orders HTTP/1.1" 200 9205
::1 - - [05/Feb/2025:15:14:37 +0000] "GET /stock-log HTTP/1.1" 200 20447
::1 - - [05/Feb/2025:15:15:01 +0000] "GET /orders HTTP/1.1" 200 9205
::1 - - [05/Feb/2025:15:15:27 +0000] "GET /orders/67a3802aeccffd3dfb5bcbba HTTP/1.1" 200 203
::1 - - [05/Feb/2025:15:15:57 +0000] "GET /plates/67a34dcc65a07481864db484 HTTP/1.1" 200 178
::1 - - [05/Feb/2025:15:16:41 +0000] "GET /ingredient/plate/67a34dcc65a07481864db484 HTTP/1.1" 404 1306
::1 - - [05/Feb/2025:15:16:47 +0000] "GET /ingredients/plate/67a34dcc65a07481864db484 HTTP/1.1" 200 3844
::1 - - [05/Feb/2025:15:17:27 +0000] "GET /stock-log HTTP/1.1" 200 20447
::1 - - [05/Feb/2025:15:38:01 +0000] "GET /stock-request HTTP/1.1" 200 1787
::1 - - [05/Feb/2025:15:39:02 +0000] "GET /stock-request-item/request/67a34dcd65a07481864db594 HTTP/1.1" 200 975
::1 - - [05/Feb/2025:15:39:28 +0000] "GET /stock-request-item/request/67a34dcd65a07481864db594 HTTP/1.1" 200 975
::1 - - [05/Feb/2025:15:40:40 +0000] "PUT /stock-request-items/67a34dcd65a07481864db5c4/approve HTTP/1.1" 404 1328
::1 - - [05/Feb/2025:15:40:47 +0000] "PUT /stock-request-item/67a34dcd65a07481864db5c4/approve HTTP/1.1" 200 278
::1 - - [05/Feb/2025:15:41:36 +0000] "GET /stock-request-item/request/67a34dcd65a07481864db594 HTTP/1.1" 200 973
::1 - - [05/Feb/2025:15:42:19 +0000] "PUT /stock-request-items/STOCK_REQUEST_ITEM_ID/issue HTTP/1.1" 404 1318
::1 - - [05/Feb/2025:15:42:25 +0000] "PUT /stock-request-items/STOCK_REQUEST_ITEM_ID/issue HTTP/1.1" 404 1318
::1 - - [05/Feb/2025:15:42:47 +0000] "PUT /stock-request-items/67a34dcd65a07481864db5c4/issue HTTP/1.1" 404 1324
::1 - - [05/Feb/2025:15:42:51 +0000] "PUT /stock-request-item/67a34dcd65a07481864db5c4/issue HTTP/1.1" 200 276
::1 - - [05/Feb/2025:15:42:59 +0000] "GET /stock-request-item/request/67a34dcd65a07481864db594 HTTP/1.1" 200 971
::1 - - [05/Feb/2025:15:45:30 +0000] "GET /stock-log/ HTTP/1.1" 200 20447
::1 - - [05/Feb/2025:15:51:56 +0000] "POST /items HTTP/1.1" 400 82
::1 - - [05/Feb/2025:15:52:31 +0000] "POST /items HTTP/1.1" 200 226
::1 - - [05/Feb/2025:15:52:40 +0000] "POST /items HTTP/1.1" 200 215
::1 - - [05/Feb/2025:15:52:45 +0000] "GET /items HTTP/1.1" 200 11198
::1 - - [05/Feb/2025:15:52:57 +0000] "POST /plates HTTP/1.1" 200 174
::1 - - [05/Feb/2025:15:53:03 +0000] "GET /plates HTTP/1.1" 200 3440
::1 - - [05/Feb/2025:15:54:23 +0000] "GET /items HTTP/1.1" 200 11198
::1 - - [05/Feb/2025:15:54:37 +0000] "GET /plates HTTP/1.1" 200 3440
::1 - - [05/Feb/2025:15:56:04 +0000] "POST /ingredients HTTP/1.1" 200 223
::1 - - [05/Feb/2025:15:56:22 +0000] "POST /ingredients HTTP/1.1" 200 223
::1 - - [05/Feb/2025:15:56:45 +0000] "GET /ingredients/plate/67a389598aec5355afcd2d65 HTTP/1.1" 200 834
::1 - - [05/Feb/2025:15:57:05 +0000] "POST /orders HTTP/1.1" 200 203
::1 - - [05/Feb/2025:15:57:10 +0000] "GET /items HTTP/1.1" 200 11201
::1 - - [05/Feb/2025:15:57:40 +0000] "POST /stock-requests HTTP/1.1" 404 1252
::1 - - [05/Feb/2025:15:57:48 +0000] "POST /stock-request HTTP/1.1" 200 176
::1 - - [05/Feb/2025:15:57:55 +0000] "GET /stock-requests HTTP/1.1" 404 1252
::1 - - [05/Feb/2025:15:57:59 +0000] "GET /stock-requests HTTP/1.1" 404 1252
::1 - - [05/Feb/2025:15:58:04 +0000] "GET /stock-request HTTP/1.1" 200 1940
::1 - - [05/Feb/2025:15:58:46 +0000] "PUT /stock-request/67a38a7c8aec5355afcd2d6c/approve HTTP/1.1" 200 177
::1 - - [05/Feb/2025:15:59:57 +0000] "PUT /stock-request/67a38a7c8aec5355afcd2d6c/issue HTTP/1.1" 200 40
::1 - - [05/Feb/2025:16:00:17 +0000] "GET /items HTTP/1.1" 200 11201
::1 - - [05/Feb/2025:16:03:01 +0000] "GET /stock-log HTTP/1.1" 200 21038
::1 - - [05/Feb/2025:16:04:18 +0000] "GET /orders HTTP/1.1" 200 9385
::1 - - [05/Feb/2025:16:04:30 +0000] "GET /stock-requests HTTP/1.1" 404 1252
::1 - - [05/Feb/2025:16:04:34 +0000] "GET /stock-request HTTP/1.1" 200 1942
fe80::a046:412f:1b0:cfc0%wlan0 - - [01/Apr/2025:17:10:24 +0000] "GET /items HTTP/1.1" 200 10739
fe80::a046:412f:1b0:cfc0%wlan0 - - [01/Apr/2025:17:10:33 +0000] "GET /items HTTP/1.1" 200 10739
::1 - - [31/May/2025:18:23:34 +0000] "GET /items HTTP/1.1" 200 10773
::1 - - [31/May/2025:18:23:38 +0000] "GET /items HTTP/1.1" 200 10773
::1 - - [31/May/2025:18:23:38 +0000] "GET /orders HTTP/1.1" 200 9025
::1 - - [31/May/2025:18:23:38 +0000] "GET /orders HTTP/1.1" 200 9025
::1 - - [31/May/2025:18:23:39 +0000] "GET /items HTTP/1.1" 200 10773
::1 - - [31/May/2025:18:23:39 +0000] "GET /orders HTTP/1.1" 200 9025
::1 - - [31/May/2025:18:23:39 +0000] "GET /orders HTTP/1.1" 200 9025
::1 - - [31/May/2025:18:23:41 +0000] "GET /items HTTP/1.1" 200 10773
::1 - - [31/May/2025:18:23:41 +0000] "GET /orders HTTP/1.1" 200 9025
::1 - - [31/May/2025:18:23:41 +0000] "GET /orders HTTP/1.1" 200 9025
::1 - - [31/May/2025:18:23:45 +0000] "GET /items HTTP/1.1" 200 10773
::1 - - [31/May/2025:18:23:45 +0000] "GET /orders HTTP/1.1" 200 9025
::1 - - [31/May/2025:18:23:45 +0000] "GET /orders HTTP/1.1" 200 9025
::1 - - [31/May/2025:18:27:11 +0000] "GET /orders HTTP/1.1" 200 9025
::1 - - [31/May/2025:18:27:11 +0000] "GET /items HTTP/1.1" 200 10773
::1 - - [31/May/2025:18:27:11 +0000] "GET /orders HTTP/1.1" 304 -
::1 - - [31/May/2025:18:27:12 +0000] "GET /orders HTTP/1.1" 304 -
::1 - - [31/May/2025:18:27:12 +0000] "GET /items HTTP/1.1" 304 -
::1 - - [31/May/2025:18:27:12 +0000] "GET /orders HTTP/1.1" 304 -
::1 - - [31/May/2025:18:27:14 +0000] "GET /orders HTTP/1.1" 304 -
::1 - - [31/May/2025:18:27:14 +0000] "GET /items HTTP/1.1" 304 -
::1 - - [31/May/2025:18:27:14 +0000] "GET /orders HTTP/1.1" 304 -
::1 - - [31/May/2025:18:27:18 +0000] "GET /orders HTTP/1.1" 304 -
::1 - - [31/May/2025:18:27:18 +0000] "GET /items HTTP/1.1" 304 -
::1 - - [31/May/2025:18:27:18 +0000] "GET /orders HTTP/1.1" 304 -
::1 - - [31/May/2025:18:27:28 +0000] "GET /items HTTP/1.1" 304 -
::1 - - [31/May/2025:18:27:28 +0000] "GET /orders HTTP/1.1" 304 -
::1 - - [31/May/2025:18:27:28 +0000] "GET /orders HTTP/1.1" 304 -
::1 - - [31/May/2025:18:27:29 +0000] "GET /items HTTP/1.1" 304 -
::1 - - [31/May/2025:18:27:29 +0000] "GET /orders HTTP/1.1" 304 -
::1 - - [31/May/2025:18:27:29 +0000] "GET /orders HTTP/1.1" 304 -
::1 - - [31/May/2025:18:27:31 +0000] "GET /orders HTTP/1.1" 304 -
::1 - - [31/May/2025:18:27:31 +0000] "GET /items HTTP/1.1" 304 -
::1 - - [31/May/2025:18:27:31 +0000] "GET /orders HTTP/1.1" 304 -
::1 - - [31/May/2025:18:27:35 +0000] "GET /orders HTTP/1.1" 304 -
::1 - - [31/May/2025:18:27:35 +0000] "GET /items HTTP/1.1" 304 -
::1 - - [31/May/2025:18:27:35 +0000] "GET /orders HTTP/1.1" 304 -
::1 - - [31/May/2025:18:58:15 +0000] "GET /items HTTP/1.1" 304 -
::1 - - [31/May/2025:18:58:15 +0000] "GET /orders HTTP/1.1" 304 -
::1 - - [31/May/2025:18:58:15 +0000] "GET /orders HTTP/1.1" 304 -
::1 - - [31/May/2025:18:58:16 +0000] "GET /items HTTP/1.1" 304 -
::1 - - [31/May/2025:18:58:16 +0000] "GET /orders HTTP/1.1" 304 -
::1 - - [31/May/2025:18:58:16 +0000] "GET /orders HTTP/1.1" 304 -
::1 - - [31/May/2025:18:58:18 +0000] "GET /items HTTP/1.1" 304 -
::1 - - [31/May/2025:18:58:18 +0000] "GET /orders HTTP/1.1" 304 -
::1 - - [31/May/2025:18:58:19 +0000] "GET /orders HTTP/1.1" 304 -
::1 - - [31/May/2025:18:58:22 +0000] "GET /items HTTP/1.1" 304 -
::1 - - [31/May/2025:18:58:22 +0000] "GET /orders HTTP/1.1" 304 -
::1 - - [31/May/2025:18:58:23 +0000] "GET /orders HTTP/1.1" 304 -
::1 - - [31/May/2025:19:01:10 +0000] "GET /items HTTP/1.1" 304 -
::1 - - [31/May/2025:19:01:10 +0000] "GET /orders HTTP/1.1" 304 -
::1 - - [31/May/2025:19:01:10 +0000] "GET /orders HTTP/1.1" 304 -
::1 - - [31/May/2025:19:01:12 +0000] "GET /items HTTP/1.1" 304 -
::1 - - [31/May/2025:19:01:12 +0000] "GET /orders HTTP/1.1" 304 -
::1 - - [31/May/2025:19:01:12 +0000] "GET /orders HTTP/1.1" 304 -
::1 - - [31/May/2025:19:01:14 +0000] "GET /items HTTP/1.1" 304 -
::1 - - [31/May/2025:19:01:14 +0000] "GET /orders HTTP/1.1" 304 -
::1 - - [31/May/2025:19:01:14 +0000] "GET /orders HTTP/1.1" 304 -
::1 - - [31/May/2025:19:01:17 +0000] "GET /items HTTP/1.1" 304 -
::1 - - [31/May/2025:19:01:18 +0000] "GET /orders HTTP/1.1" 304 -
::1 - - [31/May/2025:19:01:18 +0000] "GET /orders HTTP/1.1" 304 -
::1 - - [31/May/2025:19:01:19 +0000] "GET /items HTTP/1.1" 304 -
::1 - - [31/May/2025:19:01:19 +0000] "GET /orders HTTP/1.1" 304 -
::1 - - [31/May/2025:19:01:19 +0000] "GET /orders HTTP/1.1" 304 -
::1 - - [31/May/2025:19:01:21 +0000] "GET /items HTTP/1.1" 304 -
::1 - - [31/May/2025:19:01:21 +0000] "GET /orders HTTP/1.1" 304 -
::1 - - [31/May/2025:19:01:21 +0000] "GET /orders HTTP/1.1" 304 -
::1 - - [31/May/2025:19:01:25 +0000] "GET /items HTTP/1.1" 304 -
::1 - - [31/May/2025:19:01:25 +0000] "GET /orders HTTP/1.1" 304 -
::1 - - [31/May/2025:19:01:25 +0000] "GET /orders HTTP/1.1" 304 -
::1 - - [31/May/2025:19:02:25 +0000] "GET /items HTTP/1.1" 304 -
::1 - - [31/May/2025:19:02:25 +0000] "GET /orders HTTP/1.1" 304 -
::1 - - [31/May/2025:19:02:25 +0000] "GET /orders HTTP/1.1" 304 -
::1 - - [31/May/2025:19:02:26 +0000] "GET /items HTTP/1.1" 304 -
::1 - - [31/May/2025:19:02:26 +0000] "GET /orders HTTP/1.1" 304 -
::1 - - [31/May/2025:19:02:27 +0000] "GET /orders HTTP/1.1" 304 -
::1 - - [31/May/2025:19:02:28 +0000] "GET /items HTTP/1.1" 304 -
::1 - - [31/May/2025:19:02:29 +0000] "GET /orders HTTP/1.1" 304 -
::1 - - [31/May/2025:19:02:29 +0000] "GET /orders HTTP/1.1" 304 -
::1 - - [31/May/2025:19:02:33 +0000] "GET /items HTTP/1.1" 304 -
::1 - - [31/May/2025:19:02:33 +0000] "GET /orders HTTP/1.1" 304 -
::1 - - [31/May/2025:19:02:33 +0000] "GET /orders HTTP/1.1" 304 -
::1 - - [31/May/2025:19:03:03 +0000] "GET /items HTTP/1.1" 304 -
::1 - - [31/May/2025:19:03:03 +0000] "GET /orders HTTP/1.1" 304 -
::1 - - [31/May/2025:19:03:03 +0000] "GET /orders HTTP/1.1" 304 -
::1 - - [31/May/2025:19:03:04 +0000] "GET /items HTTP/1.1" 304 -
::1 - - [31/May/2025:19:03:04 +0000] "GET /orders HTTP/1.1" 304 -
::1 - - [31/May/2025:19:03:04 +0000] "GET /orders HTTP/1.1" 304 -
::1 - - [31/May/2025:19:03:06 +0000] "GET /items HTTP/1.1" 304 -
::1 - - [31/May/2025:19:03:06 +0000] "GET /orders HTTP/1.1" 304 -
::1 - - [31/May/2025:19:03:06 +0000] "GET /orders HTTP/1.1" 304 -
::1 - - [31/May/2025:19:03:10 +0000] "GET /items HTTP/1.1" 304 -
::1 - - [31/May/2025:19:03:10 +0000] "GET /orders HTTP/1.1" 304 -
::1 - - [31/May/2025:19:03:10 +0000] "GET /orders HTTP/1.1" 304 -
::1 - - [31/May/2025:19:03:13 +0000] "GET /items HTTP/1.1" 304 -
::1 - - [31/May/2025:19:03:13 +0000] "GET /orders HTTP/1.1" 304 -
::1 - - [31/May/2025:19:03:13 +0000] "GET /orders HTTP/1.1" 304 -
::1 - - [31/May/2025:19:03:14 +0000] "GET /items HTTP/1.1" 304 -
::1 - - [31/May/2025:19:03:14 +0000] "GET /orders HTTP/1.1" 304 -
::1 - - [31/May/2025:19:03:14 +0000] "GET /orders HTTP/1.1" 304 -
::1 - - [31/May/2025:19:03:16 +0000] "GET /items HTTP/1.1" 304 -
::1 - - [31/May/2025:19:03:16 +0000] "GET /orders HTTP/1.1" 304 -
::1 - - [31/May/2025:19:03:16 +0000] "GET /orders HTTP/1.1" 304 -
::1 - - [31/May/2025:19:03:20 +0000] "GET /items HTTP/1.1" 304 -
::1 - - [31/May/2025:19:03:21 +0000] "GET /orders HTTP/1.1" 304 -
::1 - - [31/May/2025:19:03:21 +0000] "GET /orders HTTP/1.1" 304 -
::1 - - [31/May/2025:19:04:24 +0000] "GET /items HTTP/1.1" 304 -
::1 - - [31/May/2025:19:04:24 +0000] "GET /orders HTTP/1.1" 304 -
::1 - - [31/May/2025:19:04:24 +0000] "GET /orders HTTP/1.1" 304 -
::1 - - [31/May/2025:19:04:25 +0000] "GET /items HTTP/1.1" 304 -
::1 - - [31/May/2025:19:04:25 +0000] "GET /orders HTTP/1.1" 304 -
::1 - - [31/May/2025:19:04:25 +0000] "GET /orders HTTP/1.1" 304 -
::1 - - [31/May/2025:19:04:35 +0000] "GET /orders HTTP/1.1" 304 -
::1 - - [31/May/2025:19:04:35 +0000] "GET /items HTTP/1.1" 304 -
::1 - - [31/May/2025:19:04:35 +0000] "GET /orders HTTP/1.1" 304 -
::1 - - [31/May/2025:19:04:36 +0000] "GET /orders HTTP/1.1" 304 -
::1 - - [31/May/2025:19:04:36 +0000] "GET /items HTTP/1.1" 304 -
::1 - - [31/May/2025:19:04:36 +0000] "GET /orders HTTP/1.1" 304 -
::1 - - [31/May/2025:19:04:38 +0000] "GET /orders HTTP/1.1" 304 -
::1 - - [31/May/2025:19:04:38 +0000] "GET /items HTTP/1.1" 304 -
::1 - - [31/May/2025:19:04:38 +0000] "GET /orders HTTP/1.1" 304 -
::1 - - [31/May/2025:19:04:42 +0000] "GET /orders HTTP/1.1" 304 -
::1 - - [31/May/2025:19:04:42 +0000] "GET /items HTTP/1.1" 304 -
::1 - - [31/May/2025:19:04:42 +0000] "GET /orders HTTP/1.1" 304 -
::1 - - [31/May/2025:19:16:14 +0000] "GET /orders HTTP/1.1" 304 -
::1 - - [31/May/2025:19:16:14 +0000] "GET /items HTTP/1.1" 304 -
::1 - - [31/May/2025:19:16:14 +0000] "GET /orders HTTP/1.1" 304 -
::1 - - [31/May/2025:19:16:19 +0000] "GET /orders HTTP/1.1" 304 -
::1 - - [31/May/2025:19:16:19 +0000] "GET /items HTTP/1.1" 304 -
::1 - - [31/May/2025:19:16:19 +0000] "GET /orders HTTP/1.1" 304 -
::1 - - [31/May/2025:19:17:59 +0000] "GET /items/low-stock HTTP/1.1" 500 1013
::1 - - [31/May/2025:19:17:59 +0000] "GET /items HTTP/1.1" 304 -
::1 - - [31/May/2025:19:17:59 +0000] "GET /orders HTTP/1.1" 304 -
::1 - - [31/May/2025:19:18:01 +0000] "GET /items/low-stock HTTP/1.1" 500 1013
::1 - - [31/May/2025:19:18:01 +0000] "GET /items HTTP/1.1" 304 -
::1 - - [31/May/2025:19:18:01 +0000] "GET /orders HTTP/1.1" 304 -
::1 - - [31/May/2025:19:18:03 +0000] "GET /items/low-stock HTTP/1.1" 500 1013
::1 - - [31/May/2025:19:18:03 +0000] "GET /items HTTP/1.1" 304 -
::1 - - [31/May/2025:19:18:03 +0000] "GET /orders HTTP/1.1" 304 -
::1 - - [31/May/2025:19:18:07 +0000] "GET /items/low-stock HTTP/1.1" 500 1013
::1 - - [31/May/2025:19:18:07 +0000] "GET /items HTTP/1.1" 304 -
::1 - - [31/May/2025:19:18:07 +0000] "GET /orders HTTP/1.1" 304 -
::1 - - [31/May/2025:19:18:25 +0000] "GET /items HTTP/1.1" 304 -
::1 - - [31/May/2025:19:18:26 +0000] "GET /items/low-stock HTTP/1.1" 500 1013
::1 - - [31/May/2025:19:18:26 +0000] "GET /orders HTTP/1.1" 304 -
::1 - - [31/May/2025:19:18:27 +0000] "GET /items/low-stock HTTP/1.1" 500 1013
::1 - - [31/May/2025:19:18:27 +0000] "GET /orders HTTP/1.1" 304 -
::1 - - [31/May/2025:19:18:27 +0000] "GET /items HTTP/1.1" 304 -
::1 - - [31/May/2025:19:18:29 +0000] "GET /items/low-stock HTTP/1.1" 500 1013
::1 - - [31/May/2025:19:18:29 +0000] "GET /orders HTTP/1.1" 304 -
::1 - - [31/May/2025:19:18:29 +0000] "GET /items HTTP/1.1" 304 -
::1 - - [31/May/2025:19:18:33 +0000] "GET /items/low-stock HTTP/1.1" 500 1013
::1 - - [31/May/2025:19:18:33 +0000] "GET /orders HTTP/1.1" 304 -
::1 - - [31/May/2025:19:18:33 +0000] "GET /items HTTP/1.1" 304 -
::1 - - [31/May/2025:19:18:49 +0000] "GET /items HTTP/1.1" 304 -
::1 - - [31/May/2025:19:18:49 +0000] "GET /orders HTTP/1.1" 304 -
::1 - - [31/May/2025:19:18:49 +0000] "GET /items/low-stock HTTP/1.1" 500 1013
::1 - - [31/May/2025:19:18:50 +0000] "GET /items HTTP/1.1" 304 -
::1 - - [31/May/2025:19:18:50 +0000] "GET /orders HTTP/1.1" 304 -
::1 - - [31/May/2025:19:18:50 +0000] "GET /items/ HTTP/1.1" 200 10773
::1 - - [31/May/2025:19:18:52 +0000] "GET /items HTTP/1.1" 304 -
::1 - - [31/May/2025:19:18:52 +0000] "GET /orders HTTP/1.1" 304 -
::1 - - [31/May/2025:19:18:52 +0000] "GET /items/ HTTP/1.1" 304 -
::1 - - [31/May/2025:19:18:56 +0000] "GET /items HTTP/1.1" 304 -
::1 - - [31/May/2025:19:18:56 +0000] "GET /orders HTTP/1.1" 304 -
::1 - - [31/May/2025:19:18:56 +0000] "GET /items/ HTTP/1.1" 304 -
::1 - - [31/May/2025:19:19:12 +0000] "GET /items HTTP/1.1" 304 -
::1 - - [31/May/2025:19:19:12 +0000] "GET /orders HTTP/1.1" 304 -
::1 - - [31/May/2025:19:19:12 +0000] "GET /items/ HTTP/1.1" 304 -
::1 - - [31/May/2025:19:19:13 +0000] "GET /items HTTP/1.1" 304 -
::1 - - [31/May/2025:19:19:13 +0000] "GET /orders HTTP/1.1" 304 -
::1 - - [31/May/2025:19:19:13 +0000] "GET /items/ HTTP/1.1" 304 -
::1 - - [31/May/2025:19:19:15 +0000] "GET /items HTTP/1.1" 304 -
::1 - - [31/May/2025:19:19:15 +0000] "GET /orders HTTP/1.1" 304 -
::1 - - [31/May/2025:19:19:15 +0000] "GET /items/ HTTP/1.1" 304 -
::1 - - [31/May/2025:19:19:19 +0000] "GET /items HTTP/1.1" 304 -
::1 - - [31/May/2025:19:19:19 +0000] "GET /orders HTTP/1.1" 304 -
::1 - - [31/May/2025:19:19:19 +0000] "GET /items/ HTTP/1.1" 304 -
::1 - - [31/May/2025:19:19:48 +0000] "GET /items HTTP/1.1" 304 -
::1 - - [31/May/2025:19:19:48 +0000] "GET /orders HTTP/1.1" 304 -
::1 - - [31/May/2025:19:19:48 +0000] "GET /items/ HTTP/1.1" 304 -
::1 - - [31/May/2025:19:19:49 +0000] "GET /items HTTP/1.1" 304 -
::1 - - [31/May/2025:19:19:49 +0000] "GET /orders HTTP/1.1" 304 -
::1 - - [31/May/2025:19:19:49 +0000] "GET /items/ HTTP/1.1" 304 -
::1 - - [31/May/2025:19:19:51 +0000] "GET /items HTTP/1.1" 304 -
::1 - - [31/May/2025:19:19:51 +0000] "GET /orders HTTP/1.1" 304 -
::1 - - [31/May/2025:19:19:51 +0000] "GET /items/ HTTP/1.1" 304 -
::1 - - [31/May/2025:19:19:55 +0000] "GET /items HTTP/1.1" 304 -
::1 - - [31/May/2025:19:19:55 +0000] "GET /orders HTTP/1.1" 304 -
::1 - - [31/May/2025:19:19:55 +0000] "GET /items/ HTTP/1.1" 304 -
::1 - - [31/May/2025:19:20:16 +0000] "GET /items HTTP/1.1" 304 -
::1 - - [31/May/2025:19:20:16 +0000] "GET /orders HTTP/1.1" 304 -
::1 - - [31/May/2025:19:20:16 +0000] "GET /items/ HTTP/1.1" 304 -
::1 - - [31/May/2025:19:20:18 +0000] "GET /orders HTTP/1.1" 304 -
::1 - - [31/May/2025:19:20:18 +0000] "GET /items HTTP/1.1" 304 -
::1 - - [31/May/2025:19:20:18 +0000] "GET /items/ HTTP/1.1" 304 -
::1 - - [31/May/2025:19:20:20 +0000] "GET /orders HTTP/1.1" 304 -
::1 - - [31/May/2025:19:20:20 +0000] "GET /items/ HTTP/1.1" 304 -
::1 - - [31/May/2025:19:20:20 +0000] "GET /items HTTP/1.1" 304 -
::1 - - [31/May/2025:19:20:24 +0000] "GET /orders HTTP/1.1" 304 -
::1 - - [31/May/2025:19:20:24 +0000] "GET /items/ HTTP/1.1" 304 -
::1 - - [31/May/2025:19:20:24 +0000] "GET /items HTTP/1.1" 304 -
::1 - - [31/May/2025:19:21:23 +0000] "GET /items HTTP/1.1" 304 -
::1 - - [31/May/2025:19:21:23 +0000] "GET /orders HTTP/1.1" 304 -
::1 - - [31/May/2025:19:21:23 +0000] "GET /items/ HTTP/1.1" 304 -
::1 - - [31/May/2025:19:21:25 +0000] "GET /items HTTP/1.1" 304 -
::1 - - [31/May/2025:19:21:25 +0000] "GET /orders HTTP/1.1" 304 -
::1 - - [31/May/2025:19:21:25 +0000] "GET /items/ HTTP/1.1" 304 -
::1 - - [31/May/2025:19:22:57 +0000] "GET /items HTTP/1.1" 304 -
::1 - - [31/May/2025:19:22:57 +0000] "GET /orders HTTP/1.1" 304 -
::1 - - [31/May/2025:19:22:57 +0000] "GET /items/ HTTP/1.1" 304 -
::1 - - [31/May/2025:19:23:05 +0000] "GET /items HTTP/1.1" 304 -
::1 - - [31/May/2025:19:23:05 +0000] "GET /orders HTTP/1.1" 304 -
::1 - - [31/May/2025:19:23:05 +0000] "GET /items/ HTTP/1.1" 304 -
::1 - - [31/May/2025:19:23:22 +0000] "GET /items HTTP/1.1" 304 -
::1 - - [31/May/2025:19:23:22 +0000] "GET /orders HTTP/1.1" 304 -
::1 - - [31/May/2025:19:23:22 +0000] "GET /items/ HTTP/1.1" 304 -
::1 - - [31/May/2025:19:31:37 +0000] "GET /items HTTP/1.1" 304 -
::1 - - [31/May/2025:19:31:37 +0000] "GET /orders HTTP/1.1" 304 -
::1 - - [31/May/2025:19:31:37 +0000] "GET /items/ HTTP/1.1" 304 -
::1 - - [31/May/2025:19:31:56 +0000] "GET /items HTTP/1.1" 304 -
::1 - - [31/May/2025:19:31:56 +0000] "GET /orders HTTP/1.1" 304 -
::1 - - [31/May/2025:19:31:56 +0000] "GET /items/ HTTP/1.1" 304 -
::1 - - [31/May/2025:19:32:10 +0000] "GET /items HTTP/1.1" 304 -
::1 - - [31/May/2025:19:32:10 +0000] "GET /orders HTTP/1.1" 304 -
::1 - - [31/May/2025:19:32:10 +0000] "GET /items/ HTTP/1.1" 304 -
::1 - - [31/May/2025:19:32:56 +0000] "GET /items HTTP/1.1" 304 -
::1 - - [31/May/2025:19:32:56 +0000] "GET /orders HTTP/1.1" 304 -
::1 - - [31/May/2025:19:32:56 +0000] "GET /items/ HTTP/1.1" 304 -
::1 - - [31/May/2025:19:33:55 +0000] "GET /items HTTP/1.1" 304 -
::1 - - [31/May/2025:19:33:55 +0000] "GET /orders HTTP/1.1" 304 -
::1 - - [31/May/2025:19:33:55 +0000] "GET /items/ HTTP/1.1" 304 -
::1 - - [31/May/2025:19:34:32 +0000] "GET /items HTTP/1.1" 304 -
::1 - - [31/May/2025:19:34:32 +0000] "GET /orders HTTP/1.1" 304 -
::1 - - [31/May/2025:19:34:32 +0000] "GET /items/ HTTP/1.1" 304 -
::1 - - [31/May/2025:19:34:55 +0000] "GET /items HTTP/1.1" 304 -
::1 - - [31/May/2025:19:34:55 +0000] "GET /orders HTTP/1.1" 304 -
::1 - - [31/May/2025:19:34:55 +0000] "GET /items/ HTTP/1.1" 304 -
::1 - - [31/May/2025:19:35:31 +0000] "GET /items HTTP/1.1" 304 -
::1 - - [31/May/2025:19:35:32 +0000] "GET /orders HTTP/1.1" 304 -
::1 - - [31/May/2025:19:35:32 +0000] "GET /items/ HTTP/1.1" 304 -
::1 - - [31/May/2025:19:35:36 +0000] "GET /orders HTTP/1.1" 304 -
::1 - - [31/May/2025:19:35:36 +0000] "GET /items/ HTTP/1.1" 304 -
::1 - - [31/May/2025:19:35:36 +0000] "GET /items HTTP/1.1" 304 -
::1 - - [31/May/2025:19:35:39 +0000] "GET /items HTTP/1.1" 304 -
::1 - - [31/May/2025:19:35:39 +0000] "GET /items/ HTTP/1.1" 304 -
::1 - - [31/May/2025:19:35:39 +0000] "GET /orders HTTP/1.1" 304 -
::1 - - [31/May/2025:19:35:53 +0000] "GET /items HTTP/1.1" 304 -
::1 - - [31/May/2025:19:35:53 +0000] "GET /orders HTTP/1.1" 304 -
::1 - - [31/May/2025:19:35:53 +0000] "GET /items/ HTTP/1.1" 304 -
::1 - - [31/May/2025:19:37:20 +0000] "GET /items HTTP/1.1" 304 -
::1 - - [31/May/2025:19:37:20 +0000] "GET /orders HTTP/1.1" 304 -
::1 - - [31/May/2025:19:37:20 +0000] "GET /items/ HTTP/1.1" 304 -
::1 - - [31/May/2025:19:37:23 +0000] "GET /orders HTTP/1.1" 304 -
::1 - - [31/May/2025:19:37:23 +0000] "GET /items HTTP/1.1" 304 -
::1 - - [31/May/2025:19:37:23 +0000] "GET /items/ HTTP/1.1" 304 -
::1 - - [31/May/2025:19:38:16 +0000] "GET /items HTTP/1.1" 304 -
::1 - - [31/May/2025:19:38:16 +0000] "GET /orders HTTP/1.1" 304 -
::1 - - [31/May/2025:19:38:16 +0000] "GET /items/ HTTP/1.1" 304 -
::1 - - [31/May/2025:19:38:18 +0000] "GET /items HTTP/1.1" 304 -
::1 - - [31/May/2025:19:38:18 +0000] "GET /orders HTTP/1.1" 304 -
::1 - - [31/May/2025:19:38:18 +0000] "GET /items/ HTTP/1.1" 304 -
::1 - - [31/May/2025:19:41:24 +0000] "GET /items HTTP/1.1" 304 -
::1 - - [31/May/2025:19:41:24 +0000] "GET /orders HTTP/1.1" 304 -
::1 - - [31/May/2025:19:41:24 +0000] "GET /items/ HTTP/1.1" 304 -
::1 - - [31/May/2025:19:45:46 +0000] "GET /items HTTP/1.1" 304 -
::1 - - [31/May/2025:19:45:46 +0000] "GET /orders HTTP/1.1" 304 -
::1 - - [31/May/2025:19:45:46 +0000] "GET /items/ HTTP/1.1" 304 -
::1 - - [31/May/2025:19:47:43 +0000] "GET /orders HTTP/1.1" 304 -
::1 - - [31/May/2025:19:47:43 +0000] "GET /items/ HTTP/1.1" 304 -
::1 - - [31/May/2025:19:47:43 +0000] "GET /items HTTP/1.1" 304 -
::1 - - [31/May/2025:19:47:47 +0000] "GET /items HTTP/1.1" 304 -
::1 - - [31/May/2025:19:47:47 +0000] "GET /orders HTTP/1.1" 304 -
::1 - - [31/May/2025:19:47:47 +0000] "GET /items/ HTTP/1.1" 304 -
::1 - - [31/May/2025:19:49:09 +0000] "GET /items HTTP/1.1" 304 -
::1 - - [31/May/2025:19:49:09 +0000] "GET /orders HTTP/1.1" 304 -
::1 - - [31/May/2025:19:49:09 +0000] "GET /items/ HTTP/1.1" 304 -
::1 - - [31/May/2025:19:49:29 +0000] "GET /items HTTP/1.1" 304 -
::1 - - [31/May/2025:19:49:29 +0000] "GET /orders HTTP/1.1" 304 -
::1 - - [31/May/2025:19:49:29 +0000] "GET /items/ HTTP/1.1" 304 -
::1 - - [31/May/2025:19:49:33 +0000] "GET /items HTTP/1.1" 304 -
::1 - - [31/May/2025:19:49:33 +0000] "GET /orders HTTP/1.1" 304 -
::1 - - [31/May/2025:19:49:33 +0000] "GET /items/ HTTP/1.1" 304 -
::1 - - [31/May/2025:19:50:33 +0000] "GET /orders HTTP/1.1" 304 -
::1 - - [31/May/2025:19:50:33 +0000] "GET /items/ HTTP/1.1" 304 -
::1 - - [31/May/2025:19:50:33 +0000] "GET /items HTTP/1.1" 304 -
::1 - - [31/May/2025:19:51:21 +0000] "GET /items HTTP/1.1" 304 -
::1 - - [31/May/2025:19:51:21 +0000] "GET /orders HTTP/1.1" 304 -
::1 - - [31/May/2025:19:51:21 +0000] "GET /items/ HTTP/1.1" 304 -
::1 - - [31/May/2025:19:51:26 +0000] "GET /items HTTP/1.1" 304 -
::1 - - [31/May/2025:19:51:26 +0000] "GET /orders HTTP/1.1" 304 -
::1 - - [31/May/2025:19:51:26 +0000] "GET /items/ HTTP/1.1" 304 -
::1 - - [31/May/2025:19:52:58 +0000] "GET /items HTTP/1.1" 304 -
::1 - - [31/May/2025:19:52:58 +0000] "GET /items/ HTTP/1.1" 304 -
::1 - - [31/May/2025:19:52:58 +0000] "GET /orders HTTP/1.1" 304 -
::1 - - [31/May/2025:19:52:59 +0000] "GET /items HTTP/1.1" 304 -
::1 - - [31/May/2025:19:52:59 +0000] "GET /orders HTTP/1.1" 304 -
::1 - - [31/May/2025:19:52:59 +0000] "GET /items/ HTTP/1.1" 304 -
::1 - - [31/May/2025:19:53:01 +0000] "GET /items HTTP/1.1" 304 -
::1 - - [31/May/2025:19:53:01 +0000] "GET /orders HTTP/1.1" 304 -
::1 - - [31/May/2025:19:53:01 +0000] "GET /items/ HTTP/1.1" 304 -
::1 - - [31/May/2025:19:53:03 +0000] "GET /items HTTP/1.1" 304 -
::1 - - [31/May/2025:19:53:03 +0000] "GET /orders HTTP/1.1" 304 -
::1 - - [31/May/2025:19:53:03 +0000] "GET /items/ HTTP/1.1" 304 -
::1 - - [31/May/2025:19:53:04 +0000] "GET /items HTTP/1.1" 304 -
::1 - - [31/May/2025:19:53:04 +0000] "GET /orders HTTP/1.1" 304 -
::1 - - [31/May/2025:19:53:04 +0000] "GET /items/ HTTP/1.1" 304 -
::1 - - [31/May/2025:19:53:07 +0000] "GET /items HTTP/1.1" 304 -
::1 - - [31/May/2025:19:53:07 +0000] "GET /orders HTTP/1.1" 304 -
::1 - - [31/May/2025:19:53:07 +0000] "GET /items/ HTTP/1.1" 304 -
::1 - - [31/May/2025:19:53:39 +0000] "GET /items HTTP/1.1" 304 -
::1 - - [31/May/2025:19:53:39 +0000] "GET /orders HTTP/1.1" 304 -
::1 - - [31/May/2025:19:53:39 +0000] "GET /items/ HTTP/1.1" 304 -
::1 - - [31/May/2025:19:55:14 +0000] "GET /orders HTTP/1.1" 304 -
::1 - - [31/May/2025:19:55:14 +0000] "GET /items HTTP/1.1" 304 -
::1 - - [31/May/2025:19:55:14 +0000] "GET /items/ HTTP/1.1" 304 -
::1 - - [31/May/2025:20:01:12 +0000] "GET /orders HTTP/1.1" 304 -
::1 - - [31/May/2025:20:01:12 +0000] "GET /items/ HTTP/1.1" 304 -
::1 - - [31/May/2025:20:01:12 +0000] "GET /items HTTP/1.1" 304 -
::1 - - [31/May/2025:20:04:06 +0000] "GET /items HTTP/1.1" 304 -
::1 - - [31/May/2025:20:04:06 +0000] "GET /orders HTTP/1.1" 304 -
::1 - - [31/May/2025:20:04:06 +0000] "GET /items/ HTTP/1.1" 304 -
::1 - - [31/May/2025:20:04:10 +0000] "GET /items HTTP/1.1" 304 -
::1 - - [31/May/2025:20:04:10 +0000] "GET /orders HTTP/1.1" 304 -
::1 - - [31/May/2025:20:04:10 +0000] "GET /items/ HTTP/1.1" 304 -
::1 - - [31/May/2025:20:04:42 +0000] "GET /items HTTP/1.1" 304 -
::1 - - [31/May/2025:20:04:42 +0000] "GET /orders HTTP/1.1" 304 -
::1 - - [31/May/2025:20:04:42 +0000] "GET /items/ HTTP/1.1" 304 -
::1 - - [31/May/2025:20:04:44 +0000] "GET /items HTTP/1.1" 304 -
::1 - - [31/May/2025:20:04:44 +0000] "GET /orders HTTP/1.1" 304 -
::1 - - [31/May/2025:20:04:45 +0000] "GET /items/ HTTP/1.1" 304 -
::1 - - [31/May/2025:20:06:54 +0000] "GET /items HTTP/1.1" 304 -
::1 - - [31/May/2025:20:06:54 +0000] "GET /orders HTTP/1.1" 304 -
::1 - - [31/May/2025:20:06:54 +0000] "GET /items/ HTTP/1.1" 304 -
::1 - - [31/May/2025:20:06:55 +0000] "GET /items HTTP/1.1" 304 -
::1 - - [31/May/2025:20:06:55 +0000] "GET /orders HTTP/1.1" 304 -
::1 - - [31/May/2025:20:06:55 +0000] "GET /items/ HTTP/1.1" 304 -
::1 - - [31/May/2025:20:09:40 +0000] "GET /items HTTP/1.1" 304 -
::1 - - [31/May/2025:20:09:40 +0000] "GET /items/ HTTP/1.1" 304 -
::1 - - [31/May/2025:20:09:40 +0000] "GET /orders HTTP/1.1" 304 -
::1 - - [31/May/2025:20:09:41 +0000] "GET /items HTTP/1.1" 304 -
::1 - - [31/May/2025:20:09:41 +0000] "GET /orders HTTP/1.1" 304 -
::1 - - [31/May/2025:20:09:41 +0000] "GET /items/ HTTP/1.1" 304 -
::1 - - [31/May/2025:20:09:42 +0000] "GET /items HTTP/1.1" 304 -
::1 - - [31/May/2025:20:09:42 +0000] "GET /orders HTTP/1.1" 304 -
::1 - - [31/May/2025:20:09:42 +0000] "GET /items/ HTTP/1.1" 304 -
::1 - - [31/May/2025:20:11:02 +0000] "GET /items HTTP/1.1" 304 -
::1 - - [31/May/2025:20:11:02 +0000] "GET /orders HTTP/1.1" 304 -
::1 - - [31/May/2025:20:11:02 +0000] "GET /items/ HTTP/1.1" 304 -
::1 - - [31/May/2025:20:11:05 +0000] "GET /orders HTTP/1.1" 304 -
::1 - - [31/May/2025:20:11:05 +0000] "GET /items HTTP/1.1" 304 -
::1 - - [31/May/2025:20:11:05 +0000] "GET /items/ HTTP/1.1" 304 -
::1 - - [31/May/2025:20:11:08 +0000] "GET /items HTTP/1.1" 304 -
::1 - - [31/May/2025:20:11:08 +0000] "GET /orders HTTP/1.1" 304 -
::1 - - [31/May/2025:20:11:08 +0000] "GET /items/ HTTP/1.1" 304 -
::1 - - [31/May/2025:20:11:11 +0000] "GET /items HTTP/1.1" 304 -
::1 - - [31/May/2025:20:11:11 +0000] "GET /orders HTTP/1.1" 304 -
::1 - - [31/May/2025:20:11:11 +0000] "GET /items/ HTTP/1.1" 304 -
::1 - - [31/May/2025:20:11:16 +0000] "GET /orders HTTP/1.1" 304 -
::1 - - [31/May/2025:20:11:16 +0000] "GET /items HTTP/1.1" 304 -
::1 - - [31/May/2025:20:11:16 +0000] "GET /items/ HTTP/1.1" 304 -
::1 - - [31/May/2025:20:11:53 +0000] "GET /items HTTP/1.1" 304 -
::1 - - [31/May/2025:20:11:53 +0000] "GET /orders HTTP/1.1" 304 -
::1 - - [31/May/2025:20:11:53 +0000] "GET /items/ HTTP/1.1" 304 -
::1 - - [31/May/2025:20:13:22 +0000] "GET /items HTTP/1.1" 304 -
::1 - - [31/May/2025:20:13:22 +0000] "GET /orders HTTP/1.1" 304 -
::1 - - [31/May/2025:20:13:22 +0000] "GET /items/ HTTP/1.1" 304 -
::1 - - [31/May/2025:20:13:22 +0000] "GET /items HTTP/1.1" 304 -
::1 - - [31/May/2025:20:13:23 +0000] "GET /items/ HTTP/1.1" 304 -
::1 - - [31/May/2025:20:13:23 +0000] "GET /orders HTTP/1.1" 304 -
::1 - - [31/May/2025:20:13:24 +0000] "GET /items HTTP/1.1" 304 -
::1 - - [31/May/2025:20:13:24 +0000] "GET /orders HTTP/1.1" 304 -
::1 - - [31/May/2025:20:13:24 +0000] "GET /items/ HTTP/1.1" 304 -
::1 - - [31/May/2025:20:14:28 +0000] "GET /items HTTP/1.1" 304 -
::1 - - [31/May/2025:20:14:28 +0000] "GET /orders HTTP/1.1" 304 -
::1 - - [31/May/2025:20:14:28 +0000] "GET /items/ HTTP/1.1" 304 -
::1 - - [31/May/2025:20:16:43 +0000] "GET /items HTTP/1.1" 304 -
::1 - - [31/May/2025:20:16:43 +0000] "GET /items/ HTTP/1.1" 304 -
::1 - - [31/May/2025:20:16:43 +0000] "GET /orders HTTP/1.1" 304 -
::1 - - [31/May/2025:20:18:31 +0000] "GET /items HTTP/1.1" 304 -
::1 - - [31/May/2025:20:18:31 +0000] "GET /orders HTTP/1.1" 304 -
::1 - - [31/May/2025:20:18:31 +0000] "GET /items/ HTTP/1.1" 304 -
::1 - - [31/May/2025:20:18:38 +0000] "GET /items HTTP/1.1" 304 -
::1 - - [31/May/2025:20:18:38 +0000] "GET /orders HTTP/1.1" 304 -
::1 - - [31/May/2025:20:18:38 +0000] "GET /items/ HTTP/1.1" 304 -
::1 - - [31/May/2025:20:20:51 +0000] "GET /items HTTP/1.1" 304 -
::1 - - [31/May/2025:20:20:51 +0000] "GET /orders HTTP/1.1" 304 -
::1 - - [31/May/2025:20:20:51 +0000] "GET /items/ HTTP/1.1" 304 -
::1 - - [31/May/2025:20:20:52 +0000] "GET /items HTTP/1.1" 304 -
::1 - - [31/May/2025:20:20:52 +0000] "GET /items/ HTTP/1.1" 304 -
::1 - - [31/May/2025:20:20:52 +0000] "GET /orders HTTP/1.1" 304 -
::1 - - [31/May/2025:20:23:23 +0000] "GET /items HTTP/1.1" 304 -
::1 - - [31/May/2025:20:23:23 +0000] "GET /orders HTTP/1.1" 304 -
::1 - - [31/May/2025:20:23:23 +0000] "GET /items/ HTTP/1.1" 304 -
::1 - - [31/May/2025:20:23:25 +0000] "GET /items HTTP/1.1" 304 -
::1 - - [31/May/2025:20:23:26 +0000] "GET /orders HTTP/1.1" 304 -
::1 - - [31/May/2025:20:23:26 +0000] "GET /items/ HTTP/1.1" 304 -
::1 - - [31/May/2025:20:23:27 +0000] "GET /items HTTP/1.1" 304 -
::1 - - [31/May/2025:20:23:27 +0000] "GET /items/ HTTP/1.1" 304 -
::1 - - [31/May/2025:20:23:27 +0000] "GET /orders HTTP/1.1" 304 -
::1 - - [31/May/2025:20:23:34 +0000] "GET /items HTTP/1.1" 304 -
::1 - - [31/May/2025:20:23:34 +0000] "GET /orders HTTP/1.1" 304 -
::1 - - [31/May/2025:20:23:34 +0000] "GET /items/ HTTP/1.1" 304 -
::1 - - [31/May/2025:20:24:15 +0000] "GET /items HTTP/1.1" 304 -
::1 - - [31/May/2025:20:24:15 +0000] "GET /orders HTTP/1.1" 304 -
::1 - - [31/May/2025:20:24:15 +0000] "GET /items/ HTTP/1.1" 304 -
::1 - - [31/May/2025:20:24:27 +0000] "GET /items HTTP/1.1" 304 -
::1 - - [31/May/2025:20:24:27 +0000] "GET /orders HTTP/1.1" 304 -
::1 - - [31/May/2025:20:24:27 +0000] "GET /items/ HTTP/1.1" 304 -
::1 - - [31/May/2025:20:24:28 +0000] "GET /items HTTP/1.1" 304 -
::1 - - [31/May/2025:20:24:28 +0000] "GET /orders HTTP/1.1" 304 -
::1 - - [31/May/2025:20:24:28 +0000] "GET /items/ HTTP/1.1" 304 -
::1 - - [31/May/2025:20:24:34 +0000] "GET /items HTTP/1.1" 304 -
::1 - - [31/May/2025:20:24:34 +0000] "GET /orders HTTP/1.1" 304 -
::1 - - [31/May/2025:20:24:34 +0000] "GET /items/ HTTP/1.1" 304 -
::1 - - [31/May/2025:20:25:31 +0000] "GET /items HTTP/1.1" 304 -
::1 - - [31/May/2025:20:25:31 +0000] "GET /orders HTTP/1.1" 304 -
::1 - - [31/May/2025:20:25:31 +0000] "GET /items/ HTTP/1.1" 304 -
::1 - - [31/May/2025:20:26:17 +0000] "GET /items HTTP/1.1" 304 -
::1 - - [31/May/2025:20:26:17 +0000] "GET /orders HTTP/1.1" 304 -
::1 - - [31/May/2025:20:26:17 +0000] "GET /items/ HTTP/1.1" 304 -
::1 - - [31/May/2025:20:26:22 +0000] "GET /items HTTP/1.1" 304 -
::1 - - [31/May/2025:20:26:22 +0000] "GET /orders HTTP/1.1" 304 -
::1 - - [31/May/2025:20:26:22 +0000] "GET /items/ HTTP/1.1" 304 -
::1 - - [31/May/2025:20:30:53 +0000] "GET /items HTTP/1.1" 304 -
::1 - - [31/May/2025:20:30:53 +0000] "GET /orders HTTP/1.1" 304 -
::1 - - [31/May/2025:20:30:53 +0000] "GET /items/ HTTP/1.1" 304 -
::1 - - [31/May/2025:20:30:53 +0000] "GET /items HTTP/1.1" 304 -
::1 - - [31/May/2025:20:30:53 +0000] "GET /orders HTTP/1.1" 304 -
::1 - - [31/May/2025:20:30:53 +0000] "GET /items/ HTTP/1.1" 304 -
::1 - - [31/May/2025:20:30:56 +0000] "GET /items HTTP/1.1" 304 -
::1 - - [31/May/2025:20:30:56 +0000] "GET /orders HTTP/1.1" 304 -
::1 - - [31/May/2025:20:30:56 +0000] "GET /items/ HTTP/1.1" 304 -
::1 - - [31/May/2025:20:31:04 +0000] "GET /items HTTP/1.1" 304 -
::1 - - [31/May/2025:20:31:04 +0000] "GET /orders HTTP/1.1" 304 -
::1 - - [31/May/2025:20:31:04 +0000] "GET /items/ HTTP/1.1" 304 -
::1 - - [31/May/2025:20:31:09 +0000] "GET /items HTTP/1.1" 304 -
::1 - - [31/May/2025:20:31:09 +0000] "GET /orders HTTP/1.1" 304 -
::1 - - [31/May/2025:20:31:09 +0000] "GET /items/ HTTP/1.1" 304 -
::1 - - [31/May/2025:20:34:57 +0000] "GET /items HTTP/1.1" 304 -
::1 - - [31/May/2025:20:34:57 +0000] "GET /orders HTTP/1.1" 304 -
::1 - - [31/May/2025:20:34:57 +0000] "GET /items/ HTTP/1.1" 304 -
::1 - - [31/May/2025:20:35:00 +0000] "GET /items HTTP/1.1" 304 -
::1 - - [31/May/2025:20:35:00 +0000] "GET /orders HTTP/1.1" 304 -
::1 - - [31/May/2025:20:35:00 +0000] "GET /items/ HTTP/1.1" 304 -
::1 - - [31/May/2025:20:35:02 +0000] "GET /items HTTP/1.1" 304 -
::1 - - [31/May/2025:20:35:02 +0000] "GET /orders HTTP/1.1" 304 -
::1 - - [31/May/2025:20:35:02 +0000] "GET /items/ HTTP/1.1" 304 -
::1 - - [31/May/2025:20:35:06 +0000] "GET /items HTTP/1.1" 304 -
::1 - - [31/May/2025:20:35:07 +0000] "GET /orders HTTP/1.1" 304 -
::1 - - [31/May/2025:20:35:07 +0000] "GET /items/ HTTP/1.1" 304 -
::1 - - [31/May/2025:20:35:11 +0000] "GET /items HTTP/1.1" 304 -
::1 - - [31/May/2025:20:35:11 +0000] "GET /orders HTTP/1.1" 304 -
::1 - - [31/May/2025:20:35:11 +0000] "GET /items/ HTTP/1.1" 304 -
::1 - - [31/May/2025:20:35:18 +0000] "GET /items HTTP/1.1" 304 -
::1 - - [31/May/2025:20:35:18 +0000] "GET /orders HTTP/1.1" 304 -
::1 - - [31/May/2025:20:35:18 +0000] "GET /items/ HTTP/1.1" 304 -
::1 - - [31/May/2025:20:35:20 +0000] "GET /items HTTP/1.1" 304 -
::1 - - [31/May/2025:20:35:20 +0000] "GET /orders HTTP/1.1" 304 -
::1 - - [31/May/2025:20:35:21 +0000] "GET /items/ HTTP/1.1" 304 -
::1 - - [31/May/2025:20:35:25 +0000] "GET /items HTTP/1.1" 304 -
::1 - - [31/May/2025:20:35:25 +0000] "GET /items/ HTTP/1.1" 304 -
::1 - - [31/May/2025:20:35:25 +0000] "GET /orders HTTP/1.1" 304 -
::1 - - [31/May/2025:20:36:04 +0000] "GET /items HTTP/1.1" 304 -
::1 - - [31/May/2025:20:36:04 +0000] "GET /orders HTTP/1.1" 304 -
::1 - - [31/May/2025:20:36:04 +0000] "GET /items/ HTTP/1.1" 304 -
::1 - - [31/May/2025:20:36:12 +0000] "GET /items HTTP/1.1" 304 -
::1 - - [31/May/2025:20:36:12 +0000] "GET /orders HTTP/1.1" 304 -
::1 - - [31/May/2025:20:36:12 +0000] "GET /items/ HTTP/1.1" 304 -
::1 - - [31/May/2025:20:36:20 +0000] "GET /items HTTP/1.1" 304 -
::1 - - [31/May/2025:20:36:20 +0000] "GET /orders HTTP/1.1" 304 -
::1 - - [31/May/2025:20:36:20 +0000] "GET /items/ HTTP/1.1" 304 -
::1 - - [31/May/2025:20:36:27 +0000] "GET /items HTTP/1.1" 304 -
::1 - - [31/May/2025:20:36:27 +0000] "GET /orders HTTP/1.1" 304 -
::1 - - [31/May/2025:20:36:27 +0000] "GET /items/ HTTP/1.1" 304 -
::1 - - [31/May/2025:20:36:34 +0000] "GET /items HTTP/1.1" 304 -
::1 - - [31/May/2025:20:36:34 +0000] "GET /orders HTTP/1.1" 304 -
::1 - - [31/May/2025:20:36:34 +0000] "GET /items/ HTTP/1.1" 304 -
::1 - - [31/May/2025:20:37:02 +0000] "GET /items HTTP/1.1" 304 -
::1 - - [31/May/2025:20:37:02 +0000] "GET /orders HTTP/1.1" 304 -
::1 - - [31/May/2025:20:37:02 +0000] "GET /items/ HTTP/1.1" 304 -
::1 - - [31/May/2025:20:37:11 +0000] "GET /items HTTP/1.1" 304 -
::1 - - [31/May/2025:20:37:11 +0000] "GET /orders HTTP/1.1" 304 -
::1 - - [31/May/2025:20:37:11 +0000] "GET /items/ HTTP/1.1" 304 -
::1 - - [31/May/2025:20:37:16 +0000] "GET /items HTTP/1.1" 304 -
::1 - - [31/May/2025:20:37:16 +0000] "GET /orders HTTP/1.1" 304 -
::1 - - [31/May/2025:20:37:16 +0000] "GET /items/ HTTP/1.1" 304 -
::1 - - [31/May/2025:20:37:27 +0000] "GET /orders HTTP/1.1" 304 -
::1 - - [31/May/2025:20:37:27 +0000] "GET /items/ HTTP/1.1" 304 -
::1 - - [31/May/2025:20:37:27 +0000] "GET /items HTTP/1.1" 304 -
::1 - - [31/May/2025:20:38:27 +0000] "GET /items HTTP/1.1" 304 -
::1 - - [31/May/2025:20:38:28 +0000] "GET /orders HTTP/1.1" 304 -
::1 - - [31/May/2025:20:38:28 +0000] "GET /items/ HTTP/1.1" 304 -
::1 - - [31/May/2025:20:38:36 +0000] "GET /items HTTP/1.1" 304 -
::1 - - [31/May/2025:20:38:36 +0000] "GET /orders HTTP/1.1" 304 -
::1 - - [31/May/2025:20:38:36 +0000] "GET /items/ HTTP/1.1" 304 -
::1 - - [31/May/2025:20:39:16 +0000] "GET /items HTTP/1.1" 304 -
::1 - - [31/May/2025:20:39:16 +0000] "GET /orders HTTP/1.1" 304 -
::1 - - [31/May/2025:20:39:16 +0000] "GET /items/ HTTP/1.1" 304 -
::1 - - [31/May/2025:20:39:20 +0000] "GET /items HTTP/1.1" 304 -
::1 - - [31/May/2025:20:39:20 +0000] "GET /orders HTTP/1.1" 304 -
::1 - - [31/May/2025:20:39:20 +0000] "GET /items/ HTTP/1.1" 304 -
::1 - - [31/May/2025:20:40:36 +0000] "GET /items HTTP/1.1" 304 -
::1 - - [31/May/2025:20:40:36 +0000] "GET /orders HTTP/1.1" 304 -
::1 - - [31/May/2025:20:40:36 +0000] "GET /items/ HTTP/1.1" 304 -
::1 - - [31/May/2025:20:40:39 +0000] "GET /items HTTP/1.1" 304 -
::1 - - [31/May/2025:20:40:39 +0000] "GET /orders HTTP/1.1" 304 -
::1 - - [31/May/2025:20:40:39 +0000] "GET /items/ HTTP/1.1" 304 -
::1 - - [31/May/2025:20:47:08 +0000] "GET /items HTTP/1.1" 304 -
::1 - - [31/May/2025:20:47:08 +0000] "GET /orders HTTP/1.1" 304 -
::1 - - [31/May/2025:20:47:08 +0000] "GET /items/ HTTP/1.1" 304 -
::1 - - [31/May/2025:20:49:20 +0000] "GET /items HTTP/1.1" 304 -
::1 - - [31/May/2025:20:49:20 +0000] "GET /orders HTTP/1.1" 304 -
::1 - - [31/May/2025:20:49:20 +0000] "GET /items/ HTTP/1.1" 304 -
::1 - - [31/May/2025:20:49:34 +0000] "GET /items HTTP/1.1" 304 -
::1 - - [31/May/2025:20:49:34 +0000] "GET /items/ HTTP/1.1" 304 -
::1 - - [31/May/2025:20:49:34 +0000] "GET /orders HTTP/1.1" 304 -
::1 - - [31/May/2025:20:50:14 +0000] "GET /items HTTP/1.1" 304 -
::1 - - [31/May/2025:20:50:14 +0000] "GET /orders HTTP/1.1" 304 -
::1 - - [31/May/2025:20:50:14 +0000] "GET /items/ HTTP/1.1" 304 -
::1 - - [31/May/2025:20:50:16 +0000] "GET /items HTTP/1.1" 304 -
::1 - - [31/May/2025:20:50:16 +0000] "GET /orders HTTP/1.1" 304 -
::1 - - [31/May/2025:20:50:16 +0000] "GET /items/ HTTP/1.1" 304 -
::1 - - [31/May/2025:20:50:18 +0000] "GET /items HTTP/1.1" 304 -
::1 - - [31/May/2025:20:50:18 +0000] "GET /orders HTTP/1.1" 304 -
::1 - - [31/May/2025:20:50:18 +0000] "GET /items/ HTTP/1.1" 304 -
::1 - - [31/May/2025:20:54:10 +0000] "GET /items HTTP/1.1" 200 10954
::1 - - [31/May/2025:20:54:10 +0000] "GET /orders HTTP/1.1" 200 36034
::1 - - [31/May/2025:20:54:10 +0000] "GET /items/ HTTP/1.1" 200 10954
::1 - - [31/May/2025:20:57:54 +0000] "GET /items HTTP/1.1" 304 -
::1 - - [31/May/2025:20:57:54 +0000] "GET /orders HTTP/1.1" 304 -
::1 - - [31/May/2025:20:57:54 +0000] "GET /items/ HTTP/1.1" 304 -
::1 - - [31/May/2025:20:57:58 +0000] "GET /items HTTP/1.1" 304 -
::1 - - [31/May/2025:20:57:58 +0000] "GET /orders HTTP/1.1" 304 -
::1 - - [31/May/2025:20:57:58 +0000] "GET /items HTTP/1.1" 304 -
::1 - - [31/May/2025:20:58:13 +0000] "GET /items HTTP/1.1" 304 -
::1 - - [31/May/2025:20:58:13 +0000] "GET /orders HTTP/1.1" 304 -
::1 - - [31/May/2025:20:58:13 +0000] "GET /items HTTP/1.1" 304 -
::1 - - [31/May/2025:20:59:25 +0000] "GET /items HTTP/1.1" 304 -
::1 - - [31/May/2025:20:59:25 +0000] "GET /orders HTTP/1.1" 304 -
::1 - - [31/May/2025:20:59:25 +0000] "GET /items HTTP/1.1" 304 -
::1 - - [31/May/2025:21:00:20 +0000] "GET /itemsss HTTP/1.1" 404 1238
::1 - - [31/May/2025:21:05:12 +0000] "GET /items HTTP/1.1" 304 -
::1 - - [31/May/2025:21:05:12 +0000] "GET /items HTTP/1.1" 304 -
::1 - - [31/May/2025:21:05:12 +0000] "GET /orders HTTP/1.1" 304 -
::1 - - [31/May/2025:21:07:17 +0000] "GET /items HTTP/1.1" 304 -
::1 - - [31/May/2025:21:07:17 +0000] "GET /orders HTTP/1.1" 304 -
::1 - - [31/May/2025:21:07:17 +0000] "GET /items HTTP/1.1" 304 -
::1 - - [31/May/2025:21:08:44 +0000] "GET /items HTTP/1.1" 304 -
::1 - - [31/May/2025:21:08:44 +0000] "GET /orders HTTP/1.1" 304 -
::1 - - [31/May/2025:21:08:44 +0000] "GET /items HTTP/1.1" 304 -
::1 - - [31/May/2025:21:14:33 +0000] "GET /items HTTP/1.1" 304 -
::1 - - [31/May/2025:21:14:33 +0000] "GET /items HTTP/1.1" 304 -
::1 - - [31/May/2025:21:14:33 +0000] "GET /orders HTTP/1.1" 304 -
::1 - - [31/May/2025:21:15:48 +0000] "GET /items HTTP/1.1" 304 -
::1 - - [31/May/2025:21:15:48 +0000] "GET /orders HTTP/1.1" 304 -
::1 - - [31/May/2025:21:15:48 +0000] "GET /items HTTP/1.1" 304 -
::1 - - [31/May/2025:21:16:09 +0000] "GET /items HTTP/1.1" 304 -
::1 - - [31/May/2025:21:16:09 +0000] "GET /orders HTTP/1.1" 304 -
::1 - - [31/May/2025:21:16:09 +0000] "GET /items HTTP/1.1" 304 -
::1 - - [31/May/2025:21:16:18 +0000] "GET /items HTTP/1.1" 304 -
::1 - - [31/May/2025:21:16:18 +0000] "GET /items HTTP/1.1" 304 -
::1 - - [31/May/2025:21:16:18 +0000] "GET /orders HTTP/1.1" 304 -
::1 - - [31/May/2025:21:16:24 +0000] "GET /items HTTP/1.1" 304 -
::1 - - [31/May/2025:21:16:24 +0000] "GET /orders HTTP/1.1" 304 -
::1 - - [31/May/2025:21:16:24 +0000] "GET /items HTTP/1.1" 304 -
::1 - - [31/May/2025:21:18:56 +0000] "GET /items HTTP/1.1" 304 -
::1 - - [31/May/2025:21:18:56 +0000] "GET /orders HTTP/1.1" 304 -
::1 - - [31/May/2025:21:18:56 +0000] "GET /items HTTP/1.1" 304 -
::1 - - [31/May/2025:21:21:10 +0000] "GET /items HTTP/1.1" 304 -
::1 - - [31/May/2025:21:21:10 +0000] "GET /orders HTTP/1.1" 304 -
::1 - - [31/May/2025:21:21:10 +0000] "GET /items HTTP/1.1" 304 -
::1 - - [01/Jun/2025:11:21:08 +0000] "GET /items HTTP/1.1" 304 -
::1 - - [01/Jun/2025:11:21:08 +0000] "GET /orders HTTP/1.1" 304 -
::1 - - [01/Jun/2025:11:21:08 +0000] "GET /items HTTP/1.1" 304 -
::1 - - [01/Jun/2025:12:40:27 +0000] "GET /orders HTTP/1.1" 200 9025
::1 - - [01/Jun/2025:12:40:27 +0000] "GET /items HTTP/1.1" 200 10739
::1 - - [01/Jun/2025:12:40:27 +0000] "GET /items HTTP/1.1" 304 -
::1 - - [01/Jun/2025:12:41:14 +0000] "GET /items HTTP/1.1" 200 10905
::1 - - [01/Jun/2025:12:41:14 +0000] "GET /orders HTTP/1.1" 200 36041
::1 - - [01/Jun/2025:12:41:14 +0000] "GET /items HTTP/1.1" 304 -
::1 - - [01/Jun/2025:12:41:35 +0000] "GET /items HTTP/1.1" 304 -
::1 - - [01/Jun/2025:12:41:35 +0000] "GET /items HTTP/1.1" 304 -
::1 - - [01/Jun/2025:12:41:35 +0000] "GET /orders HTTP/1.1" 304 -
::1 - - [01/Jun/2025:12:42:00 +0000] "GET /items HTTP/1.1" 304 -
::1 - - [01/Jun/2025:12:42:00 +0000] "GET /orders HTTP/1.1" 304 -
::1 - - [01/Jun/2025:12:42:00 +0000] "GET /items HTTP/1.1" 304 -
fe80::2b6b:7731:c8d7:a027%wlan0 - - [01/Jun/2025:12:54:13 +0000] "GET /ingredients HTTP/1.1" 200 27340
::1 - - [01/Jun/2025:12:55:35 +0000] "GET /items HTTP/1.1" 304 -
::1 - - [01/Jun/2025:12:55:35 +0000] "GET /orders HTTP/1.1" 304 -
::1 - - [01/Jun/2025:12:55:35 +0000] "GET /items HTTP/1.1" 304 -
::1 - - [01/Jun/2025:13:06:52 +0000] "GET /items HTTP/1.1" 304 -
::1 - - [01/Jun/2025:13:06:52 +0000] "GET /orders HTTP/1.1" 304 -
::1 - - [01/Jun/2025:13:06:52 +0000] "GET /items HTTP/1.1" 304 -
::1 - - [01/Jun/2025:13:06:56 +0000] "GET /items HTTP/1.1" 304 -
::1 - - [01/Jun/2025:13:06:56 +0000] "GET /orders HTTP/1.1" 304 -
::1 - - [01/Jun/2025:13:06:56 +0000] "GET /items HTTP/1.1" 304 -
::1 - - [01/Jun/2025:13:12:00 +0000] "GET /items HTTP/1.1" 304 -
::1 - - [01/Jun/2025:13:12:00 +0000] "GET /orders HTTP/1.1" 304 -
::1 - - [01/Jun/2025:13:12:00 +0000] "GET /items HTTP/1.1" 304 -
::1 - - [01/Jun/2025:13:12:02 +0000] "GET /items HTTP/1.1" 304 -
::1 - - [01/Jun/2025:13:12:02 +0000] "GET /items HTTP/1.1" 304 -
::1 - - [01/Jun/2025:13:12:02 +0000] "GET /orders HTTP/1.1" 304 -
::1 - - [01/Jun/2025:13:13:29 +0000] "GET /ingredients HTTP/1.1" 200 27340
::1 - - [01/Jun/2025:13:13:30 +0000] "GET /items HTTP/1.1" 304 -
::1 - - [01/Jun/2025:13:15:20 +0000] "GET /items HTTP/1.1" 304 -
::1 - - [01/Jun/2025:13:15:20 +0000] "GET /ingredients HTTP/1.1" 304 -
fe80::2b6b:7731:c8d7:a027%wlan0 - - [01/Jun/2025:13:18:02 +0000] "GET /ingredients HTTP/1.1" 200 27340
::1 - - [01/Jun/2025:13:22:10 +0000] "GET /items HTTP/1.1" 304 -
::1 - - [01/Jun/2025:13:22:10 +0000] "GET /ingredients HTTP/1.1" 304 -
::1 - - [01/Jun/2025:13:30:32 +0000] "GET /items HTTP/1.1" 304 -
::1 - - [01/Jun/2025:13:30:32 +0000] "GET /ingredients HTTP/1.1" 304 -
::1 - - [01/Jun/2025:13:33:19 +0000] "GET /items HTTP/1.1" 304 -
::1 - - [01/Jun/2025:13:33:19 +0000] "GET /ingredients HTTP/1.1" 304 -
::1 - - [01/Jun/2025:13:35:06 +0000] "GET /items HTTP/1.1" 304 -
::1 - - [01/Jun/2025:13:35:06 +0000] "GET /ingredients HTTP/1.1" 304 -
::1 - - [01/Jun/2025:13:41:12 +0000] "GET /items HTTP/1.1" 304 -
::1 - - [01/Jun/2025:13:41:12 +0000] "GET /ingredients HTTP/1.1" 304 -
::1 - - [01/Jun/2025:13:41:17 +0000] "GET /items HTTP/1.1" 304 -
::1 - - [01/Jun/2025:13:41:17 +0000] "GET /ingredients HTTP/1.1" 304 -
::1 - - [01/Jun/2025:14:00:18 +0000] "GET /items HTTP/1.1" 304 -
::1 - - [01/Jun/2025:14:00:18 +0000] "GET /ingredients HTTP/1.1" 304 -
::1 - - [01/Jun/2025:14:07:20 +0000] "GET /items HTTP/1.1" 304 -
::1 - - [01/Jun/2025:14:07:20 +0000] "GET /ingredients HTTP/1.1" 304 -
::1 - - [01/Jun/2025:14:07:23 +0000] "GET /orders HTTP/1.1" 304 -
::1 - - [01/Jun/2025:14:07:23 +0000] "GET /items HTTP/1.1" 304 -
::1 - - [01/Jun/2025:14:07:23 +0000] "GET /items HTTP/1.1" 304 -
::1 - - [01/Jun/2025:14:07:24 +0000] "GET /items HTTP/1.1" 304 -
::1 - - [01/Jun/2025:14:07:24 +0000] "GET /ingredients HTTP/1.1" 304 -
::1 - - [01/Jun/2025:14:11:17 +0000] "GET /items HTTP/1.1" 304 -
::1 - - [01/Jun/2025:14:11:17 +0000] "GET /ingredients HTTP/1.1" 304 -
::1 - - [01/Jun/2025:14:11:20 +0000] "GET /items HTTP/1.1" 304 -
::1 - - [01/Jun/2025:14:11:20 +0000] "GET /ingredients HTTP/1.1" 304 -
::1 - - [01/Jun/2025:14:14:12 +0000] "GET /items HTTP/1.1" 304 -
::1 - - [01/Jun/2025:14:14:12 +0000] "GET /ingredients HTTP/1.1" 304 -
::1 - - [01/Jun/2025:14:57:37 +0000] "GET /items HTTP/1.1" 304 -
::1 - - [01/Jun/2025:14:57:37 +0000] "GET /ingredients HTTP/1.1" 304 -
::1 - - [01/Jun/2025:14:57:41 +0000] "GET /items HTTP/1.1" 304 -
::1 - - [01/Jun/2025:14:57:41 +0000] "GET /ingredients HTTP/1.1" 304 -
::1 - - [01/Jun/2025:15:30:34 +0000] "GET /items HTTP/1.1" 304 -
::1 - - [01/Jun/2025:15:30:34 +0000] "GET /orders HTTP/1.1" 304 -
::1 - - [01/Jun/2025:15:30:34 +0000] "GET /items HTTP/1.1" 304 -
::1 - - [01/Jun/2025:15:30:37 +0000] "GET /items HTTP/1.1" 304 -
::1 - - [01/Jun/2025:15:30:37 +0000] "GET /ingredients HTTP/1.1" 304 -
::1 - - [01/Jun/2025:15:31:07 +0000] "GET /items HTTP/1.1" 304 -
::1 - - [01/Jun/2025:15:31:38 +0000] "GET /items HTTP/1.1" 304 -
::1 - - [01/Jun/2025:15:32:09 +0000] "GET /items HTTP/1.1" 304 -
::1 - - [01/Jun/2025:15:32:39 +0000] "GET /items HTTP/1.1" 304 -
::1 - - [01/Jun/2025:15:33:09 +0000] "GET /items HTTP/1.1" 304 -
::1 - - [01/Jun/2025:15:33:39 +0000] "GET /items HTTP/1.1" 304 -
::1 - - [01/Jun/2025:15:34:09 +0000] "GET /items HTTP/1.1" 304 -
::1 - - [01/Jun/2025:15:34:39 +0000] "GET /items HTTP/1.1" 304 -
::1 - - [01/Jun/2025:15:35:09 +0000] "GET /items HTTP/1.1" 304 -
::1 - - [01/Jun/2025:15:35:39 +0000] "GET /items HTTP/1.1" 304 -
::1 - - [01/Jun/2025:15:36:09 +0000] "GET /items HTTP/1.1" 304 -
::1 - - [01/Jun/2025:15:36:39 +0000] "GET /items HTTP/1.1" 304 -
::1 - - [01/Jun/2025:15:37:09 +0000] "GET /items HTTP/1.1" 304 -
::1 - - [01/Jun/2025:15:37:39 +0000] "GET /items HTTP/1.1" 304 -
::1 - - [01/Jun/2025:15:38:09 +0000] "GET /items HTTP/1.1" 304 -
::1 - - [01/Jun/2025:15:38:39 +0000] "GET /items HTTP/1.1" 304 -
::1 - - [01/Jun/2025:15:39:09 +0000] "GET /items HTTP/1.1" 304 -
::1 - - [01/Jun/2025:15:39:39 +0000] "GET /items HTTP/1.1" 304 -
::1 - - [01/Jun/2025:15:40:09 +0000] "GET /items HTTP/1.1" 304 -
::1 - - [01/Jun/2025:15:40:39 +0000] "GET /items HTTP/1.1" 304 -
::1 - - [01/Jun/2025:15:41:09 +0000] "GET /items HTTP/1.1" 304 -
::1 - - [01/Jun/2025:15:41:39 +0000] "GET /items HTTP/1.1" 304 -
::1 - - [01/Jun/2025:15:42:09 +0000] "GET /items HTTP/1.1" 304 -
::1 - - [01/Jun/2025:15:42:39 +0000] "GET /items HTTP/1.1" 304 -
::1 - - [01/Jun/2025:15:43:10 +0000] "GET /items HTTP/1.1" 304 -
::1 - - [01/Jun/2025:15:43:40 +0000] "GET /items HTTP/1.1" 304 -
::1 - - [01/Jun/2025:15:44:10 +0000] "GET /items HTTP/1.1" 304 -
::1 - - [01/Jun/2025:15:44:40 +0000] "GET /items HTTP/1.1" 304 -
::1 - - [01/Jun/2025:15:45:10 +0000] "GET /items HTTP/1.1" 304 -
::1 - - [01/Jun/2025:15:45:40 +0000] "GET /items HTTP/1.1" 304 -
::1 - - [01/Jun/2025:15:46:10 +0000] "GET /items HTTP/1.1" 304 -
::1 - - [01/Jun/2025:22:54:59 +0000] "GET /items HTTP/1.1" 304 -
::1 - - [01/Jun/2025:22:54:59 +0000] "GET /ingredients HTTP/1.1" 304 -
::1 - - [01/Jun/2025:22:55:29 +0000] "GET /items HTTP/1.1" 304 -
::1 - - [01/Jun/2025:22:55:29 +0000] "GET /items HTTP/1.1" 304 -
::1 - - [01/Jun/2025:22:55:29 +0000] "GET /orders HTTP/1.1" 304 -
::1 - - [01/Jun/2025:22:55:38 +0000] "GET /items HTTP/1.1" 304 -
::1 - - [01/Jun/2025:22:55:38 +0000] "GET /ingredients HTTP/1.1" 304 -
::1 - - [01/Jun/2025:22:56:08 +0000] "GET /items HTTP/1.1" 304 -
